Started GET "/" for 127.0.0.1 at 2019-02-08 13:35:03 -0800
Processing by PagesController#home as HTML
  Rendering pages/home.html.erb within layouts/application
  Rendered pages/home.html.erb within layouts/application (8.0ms)
Completed 500 Internal Server Error in 1935ms


  
ActionView::Template::Error (TypeError: Object doesn't support this property or method):
    4:     <title>HelloApp</title>
    5:     <%= csrf_meta_tags %>
    6: 
    7:     <%= stylesheet_link_tag    'application', media: 'all', 'data-turbolinks-track': 'reload' %>
    8:     <%= javascript_include_tag 'application', 'data-turbolinks-track': 'reload' %>
    9:   </head>
   10: 
  
app/views/layouts/application.html.erb:7:in `_app_views_layouts_application_html_erb___225185621_47741916'
Started GET "/" for 127.0.0.1 at 2019-02-08 15:52:23 -0800
Processing by ApplicationController#hello as HTML
  Rendering html template
  Rendered html template (0.0ms)
Completed 200 OK in 259ms (Views: 6.3ms)


Started GET "/" for 127.0.0.1 at 2019-02-08 16:12:31 -0800
Processing by ApplicationController#hello as HTML
  Rendering html template
  Rendered html template (0.0ms)
Completed 200 OK in 316ms (Views: 15.4ms)


